#
# A fatal error has been detected by the Java Runtime Environment:
#
#  EXCEPTION_ACCESS_VIOLATION (0xc0000005) at pc=0x000000006b9c0a93, pid=2312, tid=664
#
# JRE version: Java(TM) SE Runtime Environment (8.0_05-b13) (build 1.8.0_05-b13)
# Java VM: Java HotSpot(TM) 64-Bit Server VM (25.5-b02 mixed mode windows-amd64 compressed oops)
# Problematic frame:
# V  [jvm.dll+0x3c0a93]
#
# Failed to write core dump. Minidumps are not enabled by default on client versions of Windows
#
# If you would like to submit a bug report, please visit:
#   http://bugreport.sun.com/bugreport/crash.jsp
#

---------------  T H R E A D  ---------------

Current thread (0x00000000021c5800):  GCTaskThread [stack: 0x0000000011fe0000,0x00000000120e0000] [id=664]

siginfo: ExceptionCode=0xc0000005, reading address 0x0000000000000008

Registers:
RAX=0x0000000000000007, RBX=0x0000000011b99d81, RCX=0x0000000000000000, RDX=0x0000000054e26000
RSP=0x00000000120df7f0, RBP=0x0000000011b99d81, RSI=0x00000000c13b0030, RDI=0x00000000c13a1008
R8 =0x00000000146bebf8, R9 =0x0000000000000000, R10=0x0000000011da0000, R11=0x00000000117a0000
R12=0x0000000011b99d01, R13=0x0000000054e26000, R14=0x00000000021bdb60, R15=0x000000000000000c
RIP=0x000000006b9c0a93, EFLAGS=0x0000000000010246

Top of Stack: (sp=0x00000000120df7f0)
0x00000000120df7f0:   0000000011b99d81 0000000011b99d81
0x00000000120df800:   00000000c13b0030 00000000c12453ad
0x00000000120df810:   0000000011b99d00 0000000011ba878a
0x00000000120df820:   0000000000000100 0000000000000000
0x00000000120df830:   0000000001c4e240 00000000021c4cc0
0x00000000120df840:   000000006bc09c98 0000000000000000
0x00000000120df850:   0000000000000000 0000000054d75540
0x00000000120df860:   00000000021c5b30 00000000021c5b20
0x00000000120df870:   0000000054e26000 000000006b9d3622
0x00000000120df880:   0000000011b99d00 00000000021be520
0x00000000120df890:   00000000c13b0030 00000000c30f1378
0x00000000120df8a0:   0000000054e26000 0000000000000000
0x00000000120df8b0:   0000000000000002 00000000021be070
0x00000000120df8c0:   0000000054d75540 000000006b9c253e
0x00000000120df8d0:   00000000021c5800 0000000000000000
0x00000000120df8e0:   0000000000000000 0000000000000000 

Instructions: (pc=0x000000006b9c0a93)
0x000000006b9c0a73:   78 3e 00 00 74 16 44 8b 4f 08 8b 0d d5 27 38 00
0x000000006b9c0a83:   49 d3 e1 4c 03 0d c3 27 38 00 eb 04 4c 8b 4f 08
0x000000006b9c0a93:   41 81 79 08 00 00 00 c0 73 12 49 8b 01 4c 8b c7
0x000000006b9c0aa3:   49 8b d5 49 8b c9 ff 90 10 01 00 00 80 3d 43 78 


Register to memory mapping:

RAX=0x0000000000000007 is an unknown value
RBX=0x0000000011b99d81 is an unknown value
RCX=0x0000000000000000 is an unknown value
RDX=0x0000000054e26000 is an unknown value
RSP=0x00000000120df7f0 is an unknown value
RBP=0x0000000011b99d81 is an unknown value
RSI=0x00000000c13b0030 is an oop
org.codehaus.groovy.util.SingleKeyHashMap$Entry 
 - klass: 'org/codehaus/groovy/util/SingleKeyHashMap$Entry'
RDI=
[error occurred during error reporting (printing register info), id 0xc0000005]

Stack: [0x0000000011fe0000,0x00000000120e0000],  sp=0x00000000120df7f0,  free space=1021k
Native frames: (J=compiled Java code, j=interpreted, Vv=VM code, C=native code)
V  [jvm.dll+0x3c0a93]
V  [jvm.dll+0x3d3622]
V  [jvm.dll+0x3c253e]
V  [jvm.dll+0x27baca]
C  [msvcr100.dll+0x21d9f]
C  [msvcr100.dll+0x21e3b]
C  [kernel32.dll+0x159ed]
C  [ntdll.dll+0x2c541]


---------------  P R O C E S S  ---------------

Java Threads: ( => current thread )
  0x000000005862c000 JavaThread "Stdin handler" [_thread_blocked, id=3556, stack(0x000000005b500000,0x000000005b600000)]
  0x000000005978f800 JavaThread "Handler for socket connection at /127.0.0.1:49203 with /127.0.0.1:49624" [_thread_in_native, id=644, stack(0x0000000057160000,0x0000000057260000)]
  0x00000000563b0000 JavaThread "Daemon Thread 2" [_thread_blocked, id=4760, stack(0x0000000057550000,0x0000000057650000)]
  0x0000000058e7f800 JavaThread "File lock request listener" [_thread_in_native, id=908, stack(0x000000005a0c0000,0x000000005a1c0000)]
  0x000000005676f800 JavaThread "Incoming local TCP Connector on port 49203" [_thread_in_native, id=1016, stack(0x0000000057430000,0x0000000057530000)]
  0x0000000054ef8800 JavaThread "Service Thread" daemon [_thread_blocked, id=2216, stack(0x0000000056630000,0x0000000056730000)]
  0x0000000054ea6000 JavaThread "C1 CompilerThread1" daemon [_thread_blocked, id=1508, stack(0x0000000055e40000,0x0000000055f40000)]
  0x0000000054e9d000 JavaThread "C2 CompilerThread0" daemon [_thread_in_native, id=3964, stack(0x0000000055f60000,0x0000000056060000)]
  0x0000000054e9b800 JavaThread "Attach Listener" daemon [_thread_blocked, id=3972, stack(0x0000000055880000,0x0000000055980000)]
  0x0000000054e9a000 JavaThread "Signal Dispatcher" daemon [_thread_blocked, id=1528, stack(0x0000000055ca0000,0x0000000055da0000)]
  0x0000000054e3a800 JavaThread "Finalizer" daemon [_thread_blocked, id=3164, stack(0x0000000055b10000,0x0000000055c10000)]
  0x0000000054e2f000 JavaThread "Reference Handler" daemon [_thread_blocked, id=1592, stack(0x00000000559e0000,0x0000000055ae0000)]
  0x0000000001c4f000 JavaThread "main" [_thread_blocked, id=788, stack(0x0000000002300000,0x0000000002400000)]

Other Threads:
  0x0000000054e2b800 VMThread [stack: 0x0000000055780000,0x0000000055880000] [id=1360]
  0x0000000054efa000 WatcherThread [stack: 0x0000000056480000,0x0000000056580000] [id=2684]

=>0x00000000021c5800 (exited) GCTaskThread [stack: 0x0000000011fe0000,0x00000000120e0000] [id=664]

VM state:at safepoint (normal execution)

VM Mutex/Monitor currently owned by a thread:  ([mutex/lock_event])
[0x0000000001c4d040] Threads_lock - owner thread: 0x0000000054e2b800
[0x0000000001c4d540] Heap_lock - owner thread: 0x00000000563b0000

Heap:
 PSYoungGen      total 194560K, used 182784K [0x00000000eab00000, 0x00000000f7c80000, 0x0000000100000000)
  eden space 182784K, 100% used [0x00000000eab00000,0x00000000f5d80000,0x00000000f5d80000)
  from space 11776K, 0% used [0x00000000f7100000,0x00000000f7100000,0x00000000f7c80000)
  to   space 15872K, 99% used [0x00000000f5d80000,0x00000000f6cfc010,0x00000000f6d00000)
 ParOldGen       total 64512K, used 57075K [0x00000000c0000000, 0x00000000c3f00000, 0x00000000eab00000)
  object space 64512K, 88% used [0x00000000c0000000,0x00000000c37bcda8,0x00000000c3f00000)
 Metaspace       used 47191K, capacity 50359K, committed 50688K, reserved 1091584K
  class space    used 6597K, capacity 7848K, committed 7936K, reserved 1048576K

Card table byte_map: [0x0000000011b90000,0x0000000011da0000] byte_map_base: 0x0000000011590000

Marking Bits: (ParMarkBitMap*) 0x000000006bdb13b0
 Begin Bits: [0x0000000012300000, 0x0000000013300000)
 End Bits:   [0x0000000013300000, 0x0000000014300000)

Polling page: 0x0000000000340000

CodeCache: size=245760Kb used=19927Kb max_used=19927Kb free=225832Kb
 bounds [0x00000000027d0000, 0x0000000003b60000, 0x00000000117d0000]
 total_blobs=5865 nmethods=5217 adapters=561
 compilation: enabled

Compilation events (10 events):
Event: 1121.495 Thread 0x0000000054ea6000 5253       2       java.lang.ClassLoader::resolveClass (6 bytes)
Event: 1121.495 Thread 0x0000000054ea6000 nmethod 5253 0x0000000003b51990 code [0x0000000003b51b00, 0x0000000003b51c68]
Event: 1121.496 Thread 0x0000000054ea6000 5255       2       org.codehaus.groovy.runtime.MetaClassHelper::sameClasses (82 bytes)
Event: 1121.496 Thread 0x0000000054ea6000 nmethod 5255 0x0000000003b52090 code [0x0000000003b52200, 0x0000000003b524f0]
Event: 1121.535 Thread 0x0000000054ea6000 5256       2       org.gradle.logging.internal.DefaultLoggingManagerFactory::create (5 bytes)
Event: 1121.535 Thread 0x0000000054ea6000 nmethod 5256 0x0000000003b526d0 code [0x0000000003b52840, 0x0000000003b52a28]
Event: 1121.571 Thread 0x0000000054ea6000 5258   !   2       org.codehaus.groovy.runtime.callsite.GetEffectivePojoFieldSite::getProperty (46 bytes)
Event: 1121.572 Thread 0x0000000054ea6000 nmethod 5258 0x0000000003b52b10 code [0x0000000003b52cc0, 0x0000000003b530f8]
Event: 1121.606 Thread 0x0000000054ea6000 5259       2       com.google.common.collect.ImmutableList::asImmutableList (50 bytes)
Event: 1121.607 Thread 0x0000000054ea6000 nmethod 5259 0x0000000003b533d0 code [0x0000000003b53560, 0x0000000003b538b8]

GC Heap History (10 events):
Event: 55.168 GC heap after
Heap after GC invocations=32 (full 3):
 PSYoungGen      total 180736K, used 12799K [0x00000000eab00000, 0x00000000f8200000, 0x0000000100000000)
  eden space 167936K, 0% used [0x00000000eab00000,0x00000000eab00000,0x00000000f4f00000)
  from space 12800K, 99% used [0x00000000f4f00000,0x00000000f5b7fdd0,0x00000000f5b80000)
  to   space 17408K, 0% used [0x00000000f7100000,0x00000000f7100000,0x00000000f8200000)
 ParOldGen       total 39424K, used 35488K [0x00000000c0000000, 0x00000000c2680000, 0x00000000eab00000)
  object space 39424K, 90% used [0x00000000c0000000,0x00000000c22a8130,0x00000000c2680000)
 Metaspace       used 35189K, capacity 36886K, committed 37120K, reserved 1081344K
  class space    used 4928K, capacity 5537K, committed 5632K, reserved 1048576K
}
Event: 55.168 GC heap before
{Heap before GC invocations=33 (full 4):
 PSYoungGen      total 180736K, used 12799K [0x00000000eab00000, 0x00000000f8200000, 0x0000000100000000)
  eden space 167936K, 0% used [0x00000000eab00000,0x00000000eab00000,0x00000000f4f00000)
  from space 12800K, 99% used [0x00000000f4f00000,0x00000000f5b7fdd0,0x00000000f5b80000)
  to   space 17408K, 0% used [0x00000000f7100000,0x00000000f7100000,0x00000000f8200000)
 ParOldGen       total 39424K, used 35488K [0x00000000c0000000, 0x00000000c2680000, 0x00000000eab00000)
  object space 39424K, 90% used [0x00000000c0000000,0x00000000c22a8130,0x00000000c2680000)
 Metaspace       used 35189K, capacity 36886K, committed 37120K, reserved 1081344K
  class space    used 4928K, capacity 5537K, committed 5632K, reserved 1048576K
Event: 55.616 GC heap after
Heap after GC invocations=33 (full 4):
 PSYoungGen      total 180736K, used 7119K [0x00000000eab00000, 0x00000000f8200000, 0x0000000100000000)
  eden space 167936K, 0% used [0x00000000eab00000,0x00000000eab00000,0x00000000f4f00000)
  from space 12800K, 55% used [0x00000000f4f00000,0x00000000f55f3e88,0x00000000f5b80000)
  to   space 17408K, 0% used [0x00000000f7100000,0x00000000f7100000,0x00000000f8200000)
 ParOldGen       total 50176K, used 39168K [0x00000000c0000000, 0x00000000c3100000, 0x00000000eab00000)
  object space 50176K, 78% used [0x00000000c0000000,0x00000000c2640148,0x00000000c3100000)
 Metaspace       used 35189K, capacity 36886K, committed 37120K, reserved 1081344K
  class space    used 4928K, capacity 5537K, committed 5632K, reserved 1048576K
}
Event: 57.455 GC heap before
{Heap before GC invocations=34 (full 4):
 PSYoungGen      total 180736K, used 76595K [0x00000000eab00000, 0x00000000f8200000, 0x0000000100000000)
  eden space 167936K, 41% used [0x00000000eab00000,0x00000000eeed90b0,0x00000000f4f00000)
  from space 12800K, 55% used [0x00000000f4f00000,0x00000000f55f3e88,0x00000000f5b80000)
  to   space 17408K, 0% used [0x00000000f7100000,0x00000000f7100000,0x00000000f8200000)
 ParOldGen       total 50176K, used 39168K [0x00000000c0000000, 0x00000000c3100000, 0x00000000eab00000)
  object space 50176K, 78% used [0x00000000c0000000,0x00000000c2640148,0x00000000c3100000)
 Metaspace       used 36640K, capacity 38762K, committed 38784K, reserved 1081344K
  class space    used 5162K, capacity 5997K, committed 6016K, reserved 1048576K
Event: 57.763 GC heap after
Heap after GC invocations=34 (full 4):
 PSYoungGen      total 194560K, used 4670K [0x00000000eab00000, 0x00000000f7c80000, 0x0000000100000000)
  eden space 182784K, 0% used [0x00000000eab00000,0x00000000eab00000,0x00000000f5d80000)
  from space 11776K, 39% used [0x00000000f7100000,0x00000000f758fa90,0x00000000f7c80000)
  to   space 15872K, 0% used [0x00000000f5d80000,0x00000000f5d80000,0x00000000f6d00000)
 ParOldGen       total 50176K, used 46300K [0x00000000c0000000, 0x00000000c3100000, 0x00000000eab00000)
  object space 50176K, 92% used [0x00000000c0000000,0x00000000c2d37078,0x00000000c3100000)
 Metaspace       used 36640K, capacity 38762K, committed 38784K, reserved 1081344K
  class space    used 5162K, capacity 5997K, committed 6016K, reserved 1048576K
}
Event: 57.763 GC heap before
{Heap before GC invocations=35 (full 5):
 PSYoungGen      total 194560K, used 4670K [0x00000000eab00000, 0x00000000f7c80000, 0x0000000100000000)
  eden space 182784K, 0% used [0x00000000eab00000,0x00000000eab00000,0x00000000f5d80000)
  from space 11776K, 39% used [0x00000000f7100000,0x00000000f758fa90,0x00000000f7c80000)
  to   space 15872K, 0% used [0x00000000f5d80000,0x00000000f5d80000,0x00000000f6d00000)
 ParOldGen       total 50176K, used 46300K [0x00000000c0000000, 0x00000000c3100000, 0x00000000eab00000)
  object space 50176K, 92% used [0x00000000c0000000,0x00000000c2d37078,0x00000000c3100000)
 Metaspace       used 36640K, capacity 38762K, committed 38784K, reserved 1081344K
  class space    used 5162K, capacity 5997K, committed 6016K, reserved 1048576K
Event: 58.541 GC heap after
Heap after GC invocations=35 (full 5):
 PSYoungGen      total 194560K, used 0K [0x00000000eab00000, 0x00000000f7c80000, 0x0000000100000000)
  eden space 182784K, 0% used [0x00000000eab00000,0x00000000eab00000,0x00000000f5d80000)
  from space 11776K, 0% used [0x00000000f7100000,0x00000000f7100000,0x00000000f7c80000)
  to   space 15872K, 0% used [0x00000000f5d80000,0x00000000f5d80000,0x00000000f6d00000)
 ParOldGen       total 50176K, used 45887K [0x00000000c0000000, 0x00000000c3100000, 0x00000000eab00000)
  object space 50176K, 91% used [0x00000000c0000000,0x00000000c2ccfeb8,0x00000000c3100000)
 Metaspace       used 36640K, capacity 38762K, committed 38784K, reserved 1081344K
  class space    used 5162K, capacity 5997K, committed 6016K, reserved 1048576K
}
Event: 69.611 GC heap before
{Heap before GC invocations=36 (full 6):
 PSYoungGen      total 194560K, used 182784K [0x00000000eab00000, 0x00000000f7c80000, 0x0000000100000000)
  eden space 182784K, 100% used [0x00000000eab00000,0x00000000f5d80000,0x00000000f5d80000)
  from space 11776K, 0% used [0x00000000f7100000,0x00000000f7100000,0x00000000f7c80000)
  to   space 15872K, 0% used [0x00000000f5d80000,0x00000000f5d80000,0x00000000f6d00000)
 ParOldGen       total 50176K, used 45887K [0x00000000c0000000, 0x00000000c3100000, 0x00000000eab00000)
  object space 50176K, 91% used [0x00000000c0000000,0x00000000c2ccfeb8,0x00000000c3100000)
 Metaspace       used 41577K, capacity 44132K, committed 44288K, reserved 1087488K
  class space    used 5824K, capacity 6822K, committed 6912K, reserved 1048576K
Event: 71.714 GC heap after
Heap after GC invocations=36 (full 6):
 PSYoungGen      total 194560K, used 15616K [0x00000000eab00000, 0x00000000f7c80000, 0x0000000100000000)
  eden space 182784K, 8% used [0x00000000eab00000,0x00000000eba40380,0x00000000f5d80000)
  from space 11776K, 0% used [0x00000000f7100000,0x00000000f7100000,0x00000000f7c80000)
  to   space 15872K, 0% used [0x00000000f5d80000,0x00000000f5d80000,0x00000000f6d00000)
 ParOldGen       total 64512K, used 50116K [0x00000000c0000000, 0x00000000c3f00000, 0x00000000eab00000)
  object space 64512K, 77% used [0x00000000c0000000,0x00000000c30f1378,0x00000000c3f00000)
 Metaspace       used 41577K, capacity 44132K, committed 44288K, reserved 1087488K
  class space    used 5824K, capacity 6822K, committed 6912K, reserved 1048576K
}
Event: 1121.650 GC heap before
{Heap before GC invocations=37 (full 6):
 PSYoungGen      total 194560K, used 182784K [0x00000000eab00000, 0x00000000f7c80000, 0x0000000100000000)
  eden space 182784K, 100% used [0x00000000eab00000,0x00000000f5d80000,0x00000000f5d80000)
  from space 11776K, 0% used [0x00000000f7100000,0x00000000f7100000,0x00000000f7c80000)
  to   space 15872K, 0% used [0x00000000f5d80000,0x00000000f5d80000,0x00000000f6d00000)
 ParOldGen       total 64512K, used 50116K [0x00000000c0000000, 0x00000000c3f00000, 0x00000000eab00000)
  object space 64512K, 77% used [0x00000000c0000000,0x00000000c30f1378,0x00000000c3f00000)
 Metaspace       used 47191K, capacity 50359K, committed 50688K, reserved 1091584K
  class space    used 6597K, capacity 7848K, committed 7936K, reserved 1048576K

Deoptimization events (10 events):
Event: 71.735 Thread 0x0000000056964800 Uncommon trap: reason=null_check action=make_not_entrant pc=0x0000000003990cc4 method=java.beans.PropertyDescriptor.findPropertyType(Ljava/lang/reflect/Method;Ljava/lang/reflect/Method;)Ljava/lang/Class; @ 157
Event: 73.022 Thread 0x0000000056964800 Uncommon trap: reason=unreached action=reinterpret pc=0x0000000002a7c6c4 method=java.lang.AbstractStringBuilder.append(Ljava/lang/String;)Ljava/lang/AbstractStringBuilder; @ 1
Event: 1119.705 Thread 0x00000000563b0000 Uncommon trap: reason=range_check action=make_not_entrant pc=0x0000000003a13c80 method=java.lang.String.charAt(I)C @ 27
Event: 1120.021 Thread 0x00000000563b0000 Uncommon trap: reason=class_check action=maybe_recompile pc=0x000000000399d1f0 method=org.gradle.api.Task$Namer.determineName(Lorg/gradle/api/Task;)Ljava/lang/String; @ 1
Event: 1120.021 Thread 0x00000000563b0000 Uncommon trap: reason=class_check action=maybe_recompile pc=0x000000000399d1f0 method=org.gradle.api.Task$Namer.determineName(Lorg/gradle/api/Task;)Ljava/lang/String; @ 1
Event: 1120.021 Thread 0x00000000563b0000 Uncommon trap: reason=class_check action=maybe_recompile pc=0x000000000399d1f0 method=org.gradle.api.Task$Namer.determineName(Lorg/gradle/api/Task;)Ljava/lang/String; @ 1
Event: 1120.022 Thread 0x00000000563b0000 Uncommon trap: reason=class_check action=maybe_recompile pc=0x000000000399d1f0 method=org.gradle.api.Task$Namer.determineName(Lorg/gradle/api/Task;)Ljava/lang/String; @ 1
Event: 1121.220 Thread 0x00000000563b0000 Uncommon trap: reason=bimorphic action=maybe_recompile pc=0x0000000002eeaa64 method=java.lang.Throwable.<init>(Ljava/lang/Throwable;)V @ 24
Event: 1121.419 Thread 0x00000000563b0000 Uncommon trap: reason=bimorphic action=maybe_recompile pc=0x0000000003395a10 method=java.util.Hashtable.get(Ljava/lang/Object;)Ljava/lang/Object; @ 6
Event: 1121.439 Thread 0x00000000563b0000 Uncommon trap: reason=null_check action=make_not_entrant pc=0x0000000003aeb180 method=com.sun.org.apache.xerces.internal.utils.XMLLimitAnalyzer.isTracking(Ljava/lang/String;)Z @ 14

Internal exceptions (10 events):
Event: 1121.647 Thread 0x00000000563b0000 Exception <a 'java/security/PrivilegedActionException'> (0x00000000f5d2d700) thrown at [D:\re\workspace\8-2-build-windows-amd64-cygwin\jdk8u5\2488\hotspot\src\share\vm\prims\jvm.cpp, line 1248]
Event: 1121.649 Thread 0x00000000563b0000 Exception <a 'java/security/PrivilegedActionException'> (0x00000000f5d56798) thrown at [D:\re\workspace\8-2-build-windows-amd64-cygwin\jdk8u5\2488\hotspot\src\share\vm\prims\jvm.cpp, line 1248]
Event: 1121.649 Thread 0x00000000563b0000 Exception <a 'java/security/PrivilegedActionException'> (0x00000000f5d60b38) thrown at [D:\re\workspace\8-2-build-windows-amd64-cygwin\jdk8u5\2488\hotspot\src\share\vm\prims\jvm.cpp, line 1248]
Event: 1121.649 Thread 0x00000000563b0000 Exception <a 'java/security/PrivilegedActionException'> (0x00000000f5d624a8) thrown at [D:\re\workspace\8-2-build-windows-amd64-cygwin\jdk8u5\2488\hotspot\src\share\vm\prims\jvm.cpp, line 1248]
Event: 1121.649 Thread 0x00000000563b0000 Exception <a 'java/security/PrivilegedActionException'> (0x00000000f5d68a90) thrown at [D:\re\workspace\8-2-build-windows-amd64-cygwin\jdk8u5\2488\hotspot\src\share\vm\prims\jvm.cpp, line 1248]
Event: 1121.649 Thread 0x00000000563b0000 Exception <a 'java/security/PrivilegedActionException'> (0x00000000f5d6a190) thrown at [D:\re\workspace\8-2-build-windows-amd64-cygwin\jdk8u5\2488\hotspot\src\share\vm\prims\jvm.cpp, line 1248]
Event: 1121.649 Thread 0x00000000563b0000 Exception <a 'java/security/PrivilegedActionException'> (0x00000000f5d6b6f8) thrown at [D:\re\workspace\8-2-build-windows-amd64-cygwin\jdk8u5\2488\hotspot\src\share\vm\prims\jvm.cpp, line 1248]
Event: 1121.649 Thread 0x00000000563b0000 Exception <a 'java/security/PrivilegedActionException'> (0x00000000f5d72798) thrown at [D:\re\workspace\8-2-build-windows-amd64-cygwin\jdk8u5\2488\hotspot\src\share\vm\prims\jvm.cpp, line 1248]
Event: 1121.650 Thread 0x00000000563b0000 Exception <a 'java/lang/ClassNotFoundException': com/android/build/gradle/tasks/RenderscriptCompile_DecoratedBeanInfo> (0x00000000f5d73040) thrown at [D:\re\workspace\8-2-build-windows-amd64-cygwin\jdk8u5\2488\hotspot\src\share\vm\classfile\systemDictionar*­Î[™†‘@
Event: 1121.650 Thread 0x00000000563b0000 Exception <a 'java/security/PrivilegedActionException'> (0x00000000f5d7d3d0) thrown at [D:\re\workspace\8-2-build-windows-amd64-cygwin\jdk8u5\2488\hotspot\src\share\vm\prims\jvm.cpp, line 1248]

Events (10 events):
Event: 1121.640 loading class com/android/build/gradle/tasks/RenderscriptCompileCustomizer done
Event: 1121.640 loading class com/android/build/gradle/tasks/RenderscriptCompileCustomizer
Event: 1121.640 loading class com/android/build/gradle/tasks/RenderscriptCompileCustomizer done
Event: 1121.647 loading class groovy/runtime/metaclass/com/android/build/gradle/tasks/RenderscriptCompile_DecoratedMetaClass
Event: 1121.647 loading class groovy/runtime/metaclass/com/android/build/gradle/tasks/RenderscriptCompile_DecoratedMetaClass done
Event: 1121.649 loading class com/android/build/gradle/tasks/RenderscriptCompile_DecoratedBeanInfo
Event: 1121.649 loading class com/android/build/gradle/tasks/RenderscriptCompile_DecoratedBeanInfo done
Event: 1121.649 loading class com/android/build/gradle/tasks/RenderscriptCompile_DecoratedBeanInfo
Event: 1121.649 loading class com/android/build/gradle/tasks/RenderscriptCompile_DecoratedBeanInfo done
Event: 1121.650 Executing VM operation: ParallelGCFailedAllocation


Dynamic libraries:
0x000000013f3b0000 - 0x000000013f3e4000 	C:\Program Files\Java\jdk1.8.0_05\bin\java.exe
0x0000000077460000 - 0x0000000077609000 	C:\Windows\SYSTEM32\ntdll.dll
0x0000000077240000 - 0x000000007735f000 	C:\Windows\system32\kernel32.dll
0x000007fefd6d0000 - 0x000007fefd73c000 	C:\Windows\system32\KERNELBASE.dll
0x000007fefdc60000 - 0x000007fefdd3b000 	C:\Windows\system32\ADVAPI32.dll
0x000007fefe2d0000 - 0x000007fefe36f000 	C:\Windows\system32\msvcrt.dll
0x000007fefe6a0000 - 0x000007fefe6bf000 	C:\Windows\SYSTEM32\sechost.dll
0x000007fefdb30000 - 0x000007fefdc5d000 	C:\Windows\system32\RPCRT4.dll
0x0000000077360000 - 0x000000007745a000 	C:\Windows\system32\USER32.dll
0x000007fefd9e0000 - 0x000007fefda47000 	C:\Windows\system32\GDI32.dll
0x000007fefe850000 - 0x000007fefe85e000 	C:\Windows\system32\LPK.dll
0x000007fefe370000 - 0x000007fefe439000 	C:\Windows\system32\USP10.dll
0x000007fefbc70000 - 0x000007fefbe64000 	C:\Windows\WinSxS\amd64_microsoft.windows.common-controls_6595b64144ccf1df_6.0.7601.17514_none_fa396087175ac9ac\COMCTL32.dll
0x000007fefe040000 - 0x000007fefe0b1000 	C:\Windows\system32\SHLWAPI.dll
0x000007fefe0c0000 - 0x000007fefe0ee000 	C:\Windows\system32\IMM32.DLL
0x000007fefdf30000 - 0x000007fefe039000 	C:\Windows\system32\MSCTF.dll
0x000000006b180000 - 0x000000006b252000 	C:\Program Files\Java\jdk1.8.0_05\jre\bin\msvcr100.dll
0x000000006b600000 - 0x000000006be2a000 	C:\Program Files\Java\jdk1.8.0_05\jre\bin\server\jvm.dll
0x000007fef8580000 - 0x000007fef8589000 	C:\Windows\system32\WSOCK32.dll
0x000007fefd780000 - 0x000007fefd7cd000 	C:\Windows\system32\WS2_32.dll
0x000007fefdf20000 - 0x000007fefdf28000 	C:\Windows\system32\NSI.dll
0x000007fef8b40000 - 0x000007fef8b7b000 	C:\Windows\system32\WINMM.dll
0x0000000077620000 - 0x0000000077627000 	C:\Windows\system32\PSAPI.DLL
0x000000006e060000 - 0x000000006e06f000 	C:\Program Files\Java\jdk1.8.0_05\jre\bin\verify.dll
0x000000006d320000 - 0x000000006d348000 	C:\Program Files\Java\jdk1.8.0_05\jre\bin\java.dll
0x000000006b500000 - 0x000000006b516000 	C:\Program Files\Java\jdk1.8.0_05\jre\bin\zip.dll
0x000007fefe860000 - 0x000007feff5e8000 	C:\Windows\system32\SHELL32.dll
0x000007fefd7d0000 - 0x000007fefd9d3000 	C:\Windows\system32\ole32.dll
0x000007fefd3b0000 - 0x000007fefd3bf000 	C:\Windows\system32\profapi.dll
0x000007fefcc40000 - 0x000007fefcc57000 	C:\Windows\system32\CRYPTSP.dll
0x000007fefc940000 - 0x000007fefc987000 	C:\Windows\system32\rsaenh.dll
0x000007fefc700000 - 0x000007fefc71e000 	C:\Windows\system32\USERENV.dll
0x000007fefd2a0000 - 0x000007fefd2af000 	C:\Windows\system32\CRYPTBASE.dll
0x000000006b2f0000 - 0x000000006b30a000 	C:\Program Files\Java\jdk1.8.0_05\jre\bin\net.dll
0x000007fefcbe0000 - 0x000007fefcc35000 	C:\Windows\system32\mswsock.dll
0x000007fefcbd0000 - 0x000007fefcbd7000 	C:\Windows\System32\wship6.dll
0x000007fefb6f0000 - 0x000007fefb717000 	C:\Windows\system32\IPHLPAPI.DLL
0x000007fefb6e0000 - 0x000007fefb6eb000 	C:\Windows\system32\WINNSI.DLL
0x000007fefac70000 - 0x000007fefac81000 	C:\Windows\system32\dhcpcsvc6.DLL
0x000007fefac50000 - 0x000007fefac68000 	C:\Windows\system32\dhcpcsvc.DLL
0x000000006b2d0000 - 0x000000006b2e1000 	C:\Program Files\Java\jdk1.8.0_05\jre\bin\nio.dll
0x000007fef3360000 - 0x000007fef3374000 	C:\Users\Bharat\AppData\Local\Temp\native-platform2277502435460635863dir\native-platform-windows-amd64.dll
0x000007fefd240000 - 0x000007fefd297000 	C:\Windows\system32\apphelp.dll
0x000007fef7a60000 - 0x000007fef7b85000 	C:\Windows\system32\dbghelp.dll

VM Arguments:
jvm_args: -XX:MaxPermSize=256m -XX:+HeapDumpOnOutOfMemoryError -Xmx1024m -Dfile.encoding=windows-1252 
java_command: org.gradle.launcher.daemon.bootstrap.GradleDaemon 1.10 C:\Users\Bharat\.gradle\daemon 10800000 be851dde-e866-4360-b1b8-7abcca574591 -XX:MaxPermSize=256m -XX:+HeapDumpOnOutOfMemoryError -Xmx1024m -Dfile.encoding=windows-1252
java_class_path (initial): C:\Users\Bharat\.gradle\wrapper\dists\gradle-1.10-all\6vpvhqu0efs1fqmqr2decq1v12\gradle-1.10\lib\gradle-launcher-1.10.jar
Launcher Type: SUN_STANDARD

Environment Variables:
JAVA_HOME=C:\Program Files\Java\jdk1.8.0_05\
PATH=C:\Windows\system32;C:\Windows;C:\Windows\System32\Wbem;C:\Windows\System32\WindowsPowerShell\v1.0\;C:\Program Files\Java\jdk1.8.0_05\bin;F:\Coding\Android_Simulator\ADB;f:\Coding\SQL_Server\SQL_Server_x86\110\Tools\Binn\ManagementStudio\;f:\Coding\SQL_Server\SQL_Server_x86\110\Tools\Binn\;f:\Coding\SQL_Server\110\Tools\Binn\;f:\Coding\SQL_Server\SQL_Server_x86\110\DTS\Binn\;C:\Program Files (x86)\Java\jdk1.7.0_51\bin
USERNAME=Bharat
OS=Windows_NT
PROCESSOR_IDENTIFIER=Intel64 Family 6 Model 42 Stepping 7, GenuineIntel



---------------  S Y S T E M  ---------------

OS: Windows 7 , 64 bit Build 7601 Service Pack 1

CPU:total 2 (2 cores per cpu, 1 threads per core) family 6 model 42 stepping 7, cmov, cx8, fxsr, mmx, sse, sse2, sse3, ssse3, sse4.1, sse4.2, popcnt, clmul, tsc, tscinvbit

Memory: 4k page, physical 4136816k(1002800k free), swap 8271768k(4571600k free)

vm_info: Java HotSpot(TM) 64-Bit Server VM (25.5-b02) for windows-amd64 JRE (1.8.0_05-b13), built on Mar 18 2014 01:08:39 by "java_re" with MS VC++ 10.0 (VS2010)

time: Fri Jul 18 23:44:18 2014
elapsed time: 1121 seconds

